2025-11-25 10:38:29,083 - INFO - Processing request of type ListToolsRequest
2025-11-25 10:38:29,089 - INFO - Processing request of type ListResourcesRequest
2025-11-25 11:02:28,181 - INFO - Processing request of type ListToolsRequest
2025-11-25 11:02:37,342 - INFO - Processing request of type CallToolRequest
2025-11-25 11:02:37,366 - INFO - Chamando _process_dynamic_table_placeholder agora...
2025-11-25 11:06:01,650 - INFO - Processing request of type ListToolsRequest
2025-11-25 11:06:19,915 - INFO - Processing request of type CallToolRequest
2025-11-25 11:06:19,957 - INFO - Chamando _process_dynamic_table_placeholder agora...
2025-11-25 11:13:51,684 - INFO - Processing request of type ListToolsRequest
2025-11-25 11:14:11,423 - INFO - Processing request of type CallToolRequest
2025-11-25 11:14:11,463 - INFO - Chamando _process_dynamic_table_placeholder agora...
2025-11-25 11:17:50,394 - INFO - Processing request of type ListToolsRequest
2025-11-25 11:17:55,748 - INFO - Processing request of type CallToolRequest
2025-11-25 11:29:28,063 - INFO - Processing request of type ListToolsRequest
2025-11-25 11:29:54,441 - INFO - Processing request of type CallToolRequest
2025-11-25 11:29:54,481 - INFO - Chamando _process_dynamic_table_placeholder agora...
2025-11-25 11:35:31,883 - INFO - Processing request of type ListToolsRequest
2025-11-25 11:35:38,240 - INFO - Processing request of type CallToolRequest
2025-11-25 11:36:18,456 - INFO - Processing request of type ListToolsRequest
2025-11-25 11:36:25,482 - INFO - Processing request of type CallToolRequest
2025-11-25 13:30:17,485 - INFO - Processing request of type ListToolsRequest
2025-11-25 13:30:17,491 - INFO - Processing request of type ListResourcesRequest
2025-11-25 13:43:19,364 - INFO - Processing request of type ListToolsRequest
2025-11-25 13:43:19,385 - INFO - Processing request of type ListResourcesRequest
2025-11-25 23:42:32,996 - INFO - Processing request of type ListToolsRequest
2025-11-25 23:58:20,290 - INFO - Processing request of type ListToolsRequest
2025-11-25 23:58:44,404 - INFO - Processing request of type CallToolRequest
2025-11-26 00:05:09,106 - INFO - Processing request of type ListToolsRequest
2025-11-26 00:05:27,301 - INFO - Processing request of type CallToolRequest
2025-11-26 00:05:27,353 - INFO - Chamando _process_dynamic_table_placeholder agora...
2025-11-26 00:11:03,884 - INFO - Processing request of type ListToolsRequest
2025-11-26 00:11:25,936 - INFO - Processing request of type CallToolRequest
2025-11-26 00:11:25,983 - INFO - Chamando _process_dynamic_table_placeholder agora...
2025-11-26 00:13:23,901 - INFO - Processing request of type ListToolsRequest
2025-11-26 00:13:46,368 - INFO - Processing request of type CallToolRequest
2025-11-26 00:13:46,414 - INFO - Chamando _process_dynamic_table_placeholder agora...
2025-11-26 09:33:05,220 - INFO - Processing request of type ListToolsRequest
2025-11-26 09:33:32,663 - INFO - Processing request of type CallToolRequest
2025-11-26 10:01:28,541 - INFO - Processing request of type ListToolsRequest
2025-11-26 10:01:51,104 - INFO - Processing request of type CallToolRequest
2025-11-26 10:01:51,179 - INFO - Chamando _process_dynamic_table_placeholder agora...
2025-11-26 10:17:57,678 - INFO - Processing request of type ListToolsRequest
2025-11-26 10:19:14,766 - INFO - Processing request of type ListToolsRequest
2025-11-26 10:19:19,618 - INFO - Processing request of type CallToolRequest
2025-11-26 10:19:28,119 - INFO - Processing request of type CallToolRequest
2025-11-26 10:19:35,448 - INFO - Processing request of type CallToolRequest
2025-11-26 10:25:25,472 - INFO - Processing request of type ListToolsRequest
2025-11-26 10:25:36,243 - INFO - Processing request of type CallToolRequest
2025-11-26 10:25:44,747 - INFO - Processing request of type CallToolRequest
2025-11-26 10:25:53,961 - INFO - Processing request of type CallToolRequest
2025-11-26 10:28:25,072 - INFO - Processing request of type ListToolsRequest
2025-11-26 10:28:44,711 - INFO - Processing request of type CallToolRequest
2025-11-26 10:28:44,759 - INFO - Chamando _process_dynamic_table_placeholder agora...
2025-11-26 10:30:46,517 - INFO - Processing request of type ListToolsRequest
2025-11-26 10:33:18,855 - INFO - Processing request of type ListToolsRequest
2025-11-26 10:33:27,437 - INFO - Processing request of type CallToolRequest
2025-11-26 10:37:04,968 - INFO - Processing request of type ListToolsRequest
2025-11-26 10:39:08,206 - INFO - Processing request of type ListToolsRequest
2025-11-26 10:39:16,771 - INFO - Processing request of type CallToolRequest
2025-11-26 10:45:07,275 - INFO - Processing request of type ListToolsRequest
2025-11-26 10:45:34,455 - INFO - Processing request of type CallToolRequest
2025-11-26 10:45:34,507 - INFO - Chamando _process_dynamic_table_placeholder agora...
2025-11-26 10:51:12,824 - INFO - Processing request of type ListToolsRequest
2025-11-26 10:51:21,350 - INFO - Processing request of type CallToolRequest
2025-11-26 10:56:40,407 - INFO - Processing request of type ListToolsRequest
2025-11-26 10:57:09,361 - INFO - Processing request of type CallToolRequest
2025-11-26 10:57:09,410 - INFO - Chamando _process_dynamic_table_placeholder agora...
2025-11-26 10:58:32,550 - INFO - Processing request of type ListToolsRequest
2025-11-26 10:58:37,783 - INFO - Processing request of type CallToolRequest
2025-11-26 11:01:25,943 - INFO - Processing request of type ListToolsRequest
2025-11-26 11:01:54,187 - INFO - Processing request of type CallToolRequest
2025-11-26 11:01:54,247 - INFO - Chamando _process_dynamic_table_placeholder agora...
2025-11-26 11:03:01,972 - INFO - Processing request of type ListToolsRequest
2025-11-26 11:03:07,097 - INFO - Processing request of type CallToolRequest
2025-11-26 11:04:46,697 - INFO - Processing request of type ListToolsRequest
2025-11-26 11:04:52,775 - INFO - Processing request of type CallToolRequest
2025-11-26 11:06:15,976 - INFO - Processing request of type ListToolsRequest
2025-11-26 11:06:21,798 - INFO - Processing request of type CallToolRequest
2025-11-26 11:10:10,173 - INFO - Processing request of type ListToolsRequest
2025-11-26 11:10:19,320 - INFO - Processing request of type CallToolRequest
2025-11-26 12:10:36,808 - INFO - Processing request of type ListToolsRequest
2025-11-26 12:10:59,817 - INFO - Processing request of type CallToolRequest
2025-11-26 12:10:59,867 - INFO - Chamando _process_dynamic_table_placeholder agora...
2025-11-26 12:13:34,093 - INFO - Processing request of type ListToolsRequest
2025-11-26 12:13:39,448 - INFO - Processing request of type CallToolRequest
2025-11-26 12:24:35,370 - INFO - Processing request of type ListToolsRequest
2025-11-26 12:24:44,586 - INFO - Processing request of type CallToolRequest
2025-11-26 12:25:09,679 - INFO - Processing request of type CallToolRequest
2025-11-26 12:25:28,162 - INFO - Processing request of type CallToolRequest
2025-11-26 12:25:36,410 - INFO - Processing request of type CallToolRequest
2025-11-27 09:20:03,932 - INFO - Processing request of type ListToolsRequest
2025-11-27 09:20:27,081 - INFO - Processing request of type CallToolRequest
2025-11-27 09:20:34,091 - INFO - Processing request of type CallToolRequest
2025-11-27 10:00:04,188 - INFO - Processing request of type ListToolsRequest
2025-11-27 10:00:39,471 - INFO - Processing request of type CallToolRequest
2025-11-27 10:00:46,679 - INFO - Processing request of type CallToolRequest
2025-11-27 10:00:54,924 - INFO - Processing request of type CallToolRequest
2025-11-27 10:03:29,716 - INFO - Processing request of type ListToolsRequest
2025-11-27 10:03:54,011 - INFO - Processing request of type CallToolRequest
2025-11-27 10:04:02,827 - INFO - Processing request of type CallToolRequest
2025-11-27 10:04:09,570 - INFO - Processing request of type CallToolRequest
2025-11-27 10:04:14,351 - INFO - Processing request of type CallToolRequest
2025-11-27 10:04:17,636 - INFO - Processing request of type CallToolRequest
2025-11-27 10:04:23,864 - INFO - Processing request of type CallToolRequest
2025-11-27 10:04:27,079 - INFO - Processing request of type CallToolRequest
2025-11-27 10:34:37,962 - INFO - Processing request of type ListToolsRequest
2025-11-27 10:35:02,809 - INFO - Processing request of type CallToolRequest
2025-11-27 10:35:27,047 - INFO - Processing request of type CallToolRequest
2025-11-27 10:35:27,095 - INFO - Chamando _process_dynamic_table_placeholder agora...
2025-11-27 11:21:30,472 - INFO - Processing request of type ListToolsRequest
2025-11-27 11:21:52,620 - INFO - Processing request of type CallToolRequest
2025-11-27 11:23:04,864 - INFO - Processing request of type ListToolsRequest
2025-11-27 11:23:26,856 - INFO - Processing request of type CallToolRequest
2025-11-27 11:23:38,545 - INFO - Processing request of type CallToolRequest
2025-11-27 11:25:16,727 - INFO - Processing request of type ListToolsRequest
2025-11-27 11:25:34,240 - INFO - Processing request of type CallToolRequest
2025-11-27 11:25:34,319 - INFO - Chamando _process_dynamic_table_placeholder agora...
2025-11-27 11:26:41,138 - INFO - Processing request of type ListToolsRequest
2025-11-27 11:26:46,796 - INFO - Processing request of type CallToolRequest
2025-11-27 11:28:04,394 - INFO - Processing request of type ListToolsRequest
2025-11-27 11:28:13,157 - INFO - Processing request of type CallToolRequest
2025-11-27 11:30:55,394 - INFO - Processing request of type ListToolsRequest
2025-11-27 11:35:45,896 - INFO - Processing request of type ListToolsRequest
2025-11-27 11:35:51,015 - INFO - Processing request of type CallToolRequest
2025-11-27 13:46:15,367 - INFO - Processing request of type ListToolsRequest
2025-11-27 13:46:52,030 - INFO - Processing request of type ListToolsRequest
2025-11-27 13:46:57,698 - INFO - Processing request of type CallToolRequest
2025-11-27 13:48:21,275 - INFO - Processing request of type ListToolsRequest
2025-11-27 13:49:03,308 - INFO - Processing request of type ListToolsRequest
2025-11-27 13:50:08,381 - INFO - Processing request of type ListToolsRequest
2025-11-27 13:50:14,691 - INFO - Processing request of type CallToolRequest
2025-11-27 13:51:28,902 - INFO - Processing request of type ListToolsRequest
2025-11-27 13:51:36,199 - INFO - Processing request of type CallToolRequest
2025-11-27 14:00:51,404 - INFO - Processing request of type ListToolsRequest
2025-11-27 14:00:57,387 - INFO - Processing request of type CallToolRequest
2025-11-27 14:03:07,646 - INFO - Processing request of type ListToolsRequest
2025-11-27 14:03:12,912 - INFO - Processing request of type CallToolRequest
2025-11-27 14:03:25,711 - INFO - Processing request of type CallToolRequest
2025-11-27 14:05:42,518 - INFO - Processing request of type ListToolsRequest
2025-11-27 14:05:49,407 - INFO - Processing request of type CallToolRequest
2025-11-27 14:05:49,412 - INFO - Processing request of type CallToolRequest
2025-11-27 14:06:02,435 - INFO - Processing request of type CallToolRequest
2025-11-27 14:06:08,302 - INFO - Processing request of type CallToolRequest
2025-11-27 14:06:08,368 - INFO - Processing request of type CallToolRequest
2025-11-27 14:06:43,374 - INFO - Processing request of type ListToolsRequest
2025-11-27 14:06:50,751 - INFO - Processing request of type CallToolRequest
2025-11-27 14:06:50,762 - INFO - Processing request of type CallToolRequest
2025-11-27 14:07:25,726 - INFO - Processing request of type ListToolsRequest
2025-11-27 14:27:50,505 - INFO - Processing request of type ListToolsRequest
2025-11-27 14:28:01,188 - INFO - Processing request of type CallToolRequest
2025-11-27 14:28:01,235 - INFO - Chamando _process_dynamic_table_placeholder agora...
2025-11-27 14:36:03,090 - INFO - Processing request of type ListToolsRequest
2025-11-27 14:36:12,527 - INFO - Processing request of type CallToolRequest
2025-11-27 14:36:12,570 - INFO - Chamando _process_dynamic_table_placeholder agora...
2025-11-27 14:39:50,526 - INFO - Processing request of type ListToolsRequest
2025-11-27 14:40:00,555 - INFO - Processing request of type CallToolRequest
2025-11-27 14:40:00,597 - INFO - Chamando _process_dynamic_table_placeholder agora...
2025-11-27 14:41:07,500 - INFO - Processing request of type ListToolsRequest
2025-11-27 14:41:10,048 - INFO - Processing request of type CallToolRequest
2025-11-27 14:42:47,176 - INFO - Processing request of type ListToolsRequest
2025-11-27 14:42:50,050 - INFO - Processing request of type CallToolRequest
2025-11-27 14:50:45,639 - INFO - Processing request of type ListToolsRequest
2025-11-27 14:50:52,646 - INFO - Processing request of type CallToolRequest
2025-11-27 14:50:52,686 - INFO - Chamando _process_dynamic_table_placeholder agora...
2025-11-27 14:51:38,696 - INFO - Processing request of type ListToolsRequest
2025-11-27 14:51:49,235 - INFO - Processing request of type CallToolRequest
2025-11-27 14:51:49,283 - INFO - Chamando _process_dynamic_table_placeholder agora...
2025-11-27 14:52:58,231 - INFO - Processing request of type ListToolsRequest
2025-11-27 14:53:00,908 - INFO - Processing request of type CallToolRequest
2025-11-27 14:54:31,884 - INFO - Processing request of type ListToolsRequest
2025-11-27 14:54:33,853 - INFO - Processing request of type CallToolRequest
2025-11-27 14:54:43,707 - INFO - Processing request of type CallToolRequest
2025-11-27 14:56:07,647 - INFO - Processing request of type ListToolsRequest
2025-11-27 14:56:17,265 - INFO - Processing request of type CallToolRequest
2025-11-27 14:56:17,282 - INFO - Chamando _process_dynamic_table_placeholder agora...
2025-11-27 14:58:33,116 - INFO - Processing request of type ListToolsRequest
2025-11-27 14:58:35,068 - INFO - Processing request of type CallToolRequest
2025-11-28 08:35:20,284 - INFO - Processing request of type ListToolsRequest
2025-11-28 08:35:33,409 - INFO - Processing request of type CallToolRequest
2025-11-28 08:35:33,497 - INFO - Chamando _process_dynamic_table_placeholder agora...
2025-11-28 08:35:59,348 - INFO - Processing request of type ListToolsRequest
2025-11-28 08:36:10,730 - INFO - Processing request of type CallToolRequest
2025-11-28 08:36:10,773 - INFO - Chamando _process_dynamic_table_placeholder agora...
2025-11-28 08:37:33,636 - INFO - Processing request of type ListToolsRequest
2025-11-28 08:37:35,734 - INFO - Processing request of type CallToolRequest
2025-11-28 08:55:35,338 - INFO - Processing request of type ListToolsRequest
2025-11-28 08:55:38,962 - INFO - Processing request of type CallToolRequest
2025-11-28 09:35:12,511 - INFO - Processing request of type ListToolsRequest
2025-11-28 09:35:20,506 - INFO - Processing request of type CallToolRequest
2025-11-28 09:35:20,572 - INFO - Chamando _process_dynamic_table_placeholder agora...
2025-11-28 09:36:55,608 - INFO - Processing request of type ListToolsRequest
2025-11-28 09:36:58,062 - INFO - Processing request of type CallToolRequest
2025-11-28 09:46:27,670 - INFO - Processing request of type ListToolsRequest
2025-11-28 09:46:40,982 - INFO - Processing request of type CallToolRequest
2025-11-28 09:46:41,027 - INFO - Chamando _process_dynamic_table_placeholder agora...
2025-11-28 09:49:00,914 - INFO - Processing request of type ListToolsRequest
2025-11-28 09:49:03,505 - INFO - Processing request of type CallToolRequest
2025-11-28 09:56:36,569 - INFO - Processing request of type ListToolsRequest
2025-11-28 09:56:47,231 - INFO - Processing request of type CallToolRequest
2025-11-28 09:56:47,282 - INFO - Chamando _process_dynamic_table_placeholder agora...
2025-11-28 10:03:07,990 - INFO - Processing request of type ListToolsRequest
2025-11-28 10:03:18,101 - INFO - Processing request of type CallToolRequest
2025-11-28 10:03:18,150 - INFO - Chamando _process_dynamic_table_placeholder agora...
2025-11-28 10:03:58,342 - INFO - Processing request of type ListToolsRequest
2025-11-28 10:04:01,519 - INFO - Processing request of type CallToolRequest
2025-11-28 10:07:48,286 - INFO - Processing request of type ListToolsRequest
2025-11-28 10:07:57,808 - INFO - Processing request of type CallToolRequest
2025-11-28 10:07:57,849 - INFO - Chamando _process_dynamic_table_placeholder agora...
2025-11-28 10:08:34,944 - INFO - Processing request of type ListToolsRequest
2025-11-28 10:08:37,971 - INFO - Processing request of type CallToolRequest
2025-11-28 10:31:48,288 - INFO - Processing request of type ListToolsRequest
2025-11-28 10:31:57,835 - INFO - Processing request of type CallToolRequest
2025-11-28 10:31:57,881 - INFO - Chamando _process_dynamic_table_placeholder agora...
2025-11-28 10:38:34,178 - INFO - Processing request of type ListToolsRequest
2025-11-28 10:38:37,747 - INFO - Processing request of type CallToolRequest
2025-11-28 10:39:30,703 - INFO - Processing request of type ListToolsRequest
2025-11-28 10:39:32,832 - INFO - Processing request of type CallToolRequest
2025-11-28 10:46:36,421 - INFO - Processing request of type ListToolsRequest
2025-11-28 10:46:38,642 - INFO - Processing request of type CallToolRequest
2025-11-28 10:50:27,854 - INFO - Processing request of type ListToolsRequest
2025-11-28 10:50:31,109 - INFO - Processing request of type CallToolRequest
2025-11-28 10:58:22,295 - INFO - Processing request of type ListToolsRequest
2025-11-28 10:58:30,843 - INFO - Processing request of type CallToolRequest
2025-11-28 10:58:30,889 - INFO - Chamando _process_dynamic_table_placeholder agora...
2025-11-28 11:07:54,281 - INFO - Processing request of type ListToolsRequest
2025-11-28 11:07:56,582 - INFO - Processing request of type CallToolRequest
2025-11-28 11:08:22,919 - INFO - Processing request of type ListToolsRequest
2025-11-28 11:08:24,692 - INFO - Processing request of type CallToolRequest
2025-11-28 11:13:32,053 - INFO - Processing request of type ListToolsRequest
2025-11-28 11:13:41,783 - INFO - Processing request of type CallToolRequest
2025-11-28 11:13:41,838 - INFO - Chamando _process_dynamic_table_placeholder agora...
2025-11-28 11:13:58,691 - INFO - Processing request of type ListToolsRequest
2025-11-28 11:14:06,448 - INFO - Processing request of type CallToolRequest
2025-11-28 11:14:06,483 - INFO - Chamando _process_dynamic_table_placeholder agora...
2025-12-03 12:04:56,069 - INFO - Processing request of type ListToolsRequest
2025-12-03 13:26:41,378 - INFO - Processing request of type ListToolsRequest
2025-12-03 13:28:03,738 - INFO - Processing request of type ListToolsRequest
2025-12-03 13:34:35,010 - INFO - Processing request of type ListToolsRequest
2025-12-03 13:43:33,327 - INFO - Processing request of type ListToolsRequest
2025-12-03 13:46:40,081 - INFO - Processing request of type CallToolRequest
2025-12-03 14:01:29,353 - INFO - Processing request of type CallToolRequest
2025-12-03 14:02:49,516 - INFO - Processing request of type ListToolsRequest
2025-12-03 14:03:13,168 - INFO - Processing request of type CallToolRequest
2025-12-03 14:03:54,618 - INFO - Processing request of type CallToolRequest
2025-12-03 14:04:04,777 - INFO - Processing request of type CallToolRequest
2025-12-03 14:05:56,249 - INFO - Processing request of type ListToolsRequest
2025-12-03 14:10:29,333 - INFO - Processing request of type ListToolsRequest
2025-12-03 14:10:56,289 - INFO - Processing request of type ListToolsRequest
2025-12-03 14:11:13,394 - INFO - Processing request of type CallToolRequest
2025-12-03 14:13:22,257 - INFO - Processing request of type CallToolRequest
2025-12-03 14:17:10,369 - INFO - Processing request of type ListToolsRequest
2025-12-03 14:17:24,800 - INFO - Processing request of type CallToolRequest
2025-12-03 14:17:24,821 - INFO - Chamando _process_dynamic_table_placeholder agora...
2025-12-03 14:36:42,755 - INFO - Processing request of type ListToolsRequest
2025-12-03 14:37:03,744 - INFO - Processing request of type ListToolsRequest
2025-12-03 14:37:26,628 - INFO - Processing request of type ListToolsRequest
2025-12-03 14:37:41,252 - INFO - Processing request of type CallToolRequest
2025-12-03 14:37:41,272 - INFO - Chamando _process_dynamic_table_placeholder agora...
2025-12-03 14:42:33,547 - INFO - Processing request of type ListToolsRequest
2025-12-03 14:42:47,801 - INFO - Processing request of type CallToolRequest
2025-12-03 14:42:47,834 - INFO - Chamando _process_dynamic_table_placeholder agora...
2025-12-03 14:44:02,714 - INFO - Processing request of type ListToolsRequest
2025-12-03 15:00:44,867 - INFO - Processing request of type ListToolsRequest
2025-12-03 15:01:15,114 - INFO - Processing request of type ListToolsRequest
2025-12-03 15:01:55,763 - INFO - Processing request of type CallToolRequest
2025-12-03 15:01:55,803 - INFO - Chamando _process_dynamic_table_placeholder agora...
2025-12-03 15:02:34,955 - INFO - Processing request of type ListToolsRequest
2025-12-03 15:08:07,298 - INFO - Processing request of type ListToolsRequest
2025-12-03 15:08:15,712 - INFO - Processing request of type ListToolsRequest
2025-12-03 15:09:06,678 - INFO - Processing request of type ListToolsRequest
2025-12-03 15:09:24,538 - INFO - Processing request of type ListToolsRequest
2025-12-03 15:11:06,363 - INFO - Processing request of type ListToolsRequest
2025-12-03 15:11:44,006 - INFO - Processing request of type ListToolsRequest
2025-12-03 15:14:45,306 - INFO - Processing request of type ListToolsRequest
2025-12-03 15:15:53,566 - INFO - Processing request of type ListToolsRequest
2025-12-03 15:16:21,380 - INFO - Processing request of type CallToolRequest
2025-12-03 15:16:21,415 - INFO - Chamando _process_dynamic_table_placeholder agora...
2025-12-03 15:27:01,512 - INFO - Processing request of type ListToolsRequest
2025-12-03 15:27:45,575 - INFO - Processing request of type ListToolsRequest
2025-12-03 15:28:02,377 - INFO - Processing request of type CallToolRequest
2025-12-03 15:28:02,415 - INFO - Chamando _process_dynamic_table_placeholder agora...
2025-12-03 15:35:08,719 - INFO - Processing request of type ListToolsRequest
2025-12-03 15:36:06,684 - INFO - Processing request of type ListToolsRequest
2025-12-03 15:36:41,184 - INFO - Processing request of type ListToolsRequest
2025-12-03 15:39:50,863 - INFO - Processing request of type ListToolsRequest
2025-12-03 15:42:19,390 - INFO - Processing request of type ListToolsRequest
2025-12-03 15:42:34,085 - INFO - Processing request of type CallToolRequest
2025-12-03 15:42:34,133 - INFO - Chamando _process_dynamic_table_placeholder agora...
2025-12-03 15:47:23,757 - INFO - Processing request of type ListToolsRequest
2025-12-03 15:48:32,145 - INFO - Processing request of type ListToolsRequest
2025-12-03 15:51:59,544 - INFO - Processing request of type ListToolsRequest
2025-12-03 15:52:19,525 - INFO - Processing request of type ListToolsRequest
2025-12-03 15:52:50,757 - INFO - Processing request of type CallToolRequest
2025-12-03 15:52:50,797 - INFO - Chamando _process_dynamic_table_placeholder agora...
2025-12-03 15:56:58,529 - INFO - Processing request of type ListToolsRequest
2025-12-03 15:57:28,655 - INFO - Processing request of type ListToolsRequest
2025-12-03 15:58:17,788 - INFO - Processing request of type CallToolRequest
2025-12-03 15:58:17,830 - INFO - Chamando _process_dynamic_table_placeholder agora...
2025-12-03 16:06:57,381 - INFO - Processing request of type ListToolsRequest
2025-12-03 16:07:39,342 - INFO - Processing request of type ListToolsRequest
2025-12-03 16:07:54,273 - INFO - Processing request of type CallToolRequest
2025-12-03 16:07:54,320 - INFO - Chamando _process_dynamic_table_placeholder agora...
2025-12-03 16:20:47,547 - INFO - Processing request of type ListToolsRequest
2025-12-03 16:21:26,937 - INFO - Processing request of type ListToolsRequest
2025-12-03 16:21:48,330 - INFO - Processing request of type CallToolRequest
2025-12-03 16:21:48,387 - INFO - Chamando _process_dynamic_table_placeholder agora...
2025-12-03 16:26:50,013 - INFO - Processing request of type ListToolsRequest
2025-12-03 16:27:35,226 - INFO - Processing request of type ListToolsRequest
2025-12-03 16:28:00,653 - INFO - Processing request of type CallToolRequest
2025-12-03 16:28:00,700 - INFO - Chamando _process_dynamic_table_placeholder agora...
2025-12-03 16:34:10,833 - INFO - Processing request of type ListToolsRequest
2025-12-03 16:36:09,259 - INFO - Processing request of type ListToolsRequest
2025-12-03 16:36:56,791 - INFO - Processing request of type ListToolsRequest
2025-12-03 16:37:12,597 - INFO - Processing request of type CallToolRequest
2025-12-03 16:37:12,617 - INFO - [Styles] Found existing list style: 'List Paragraph'
2025-12-03 16:37:12,618 - INFO - [RichParagraph] Created bullet with style: 'List Paragraph'
2025-12-03 16:37:12,619 - INFO - [Styles] Found existing list style: 'List Paragraph'
2025-12-03 16:37:12,619 - INFO - [RichParagraph] Created bullet with style: 'List Paragraph'
2025-12-03 16:37:12,622 - INFO - [Styles] Found existing list style: 'List Paragraph'
2025-12-03 16:37:12,623 - INFO - [RichParagraph] Created bullet with style: 'List Paragraph'
2025-12-03 16:37:12,624 - INFO - [Styles] Found existing list style: 'List Paragraph'
2025-12-03 16:37:12,625 - INFO - [RichParagraph] Created bullet with style: 'List Paragraph'
2025-12-03 16:37:12,627 - INFO - [Styles] Found existing list style: 'List Paragraph'
2025-12-03 16:37:12,627 - INFO - [RichParagraph] Created bullet with style: 'List Paragraph'
2025-12-03 16:37:12,628 - INFO - [Styles] Found existing list style: 'List Paragraph'
2025-12-03 16:37:12,629 - INFO - [RichParagraph] Created bullet with style: 'List Paragraph'
2025-12-03 16:37:12,632 - INFO - [Styles] Found existing list style: 'List Paragraph'
2025-12-03 16:37:12,632 - INFO - [RichParagraph] Created bullet with style: 'List Paragraph'
2025-12-03 16:37:12,633 - INFO - [Styles] Found existing list style: 'List Paragraph'
2025-12-03 16:37:12,634 - INFO - [RichParagraph] Created bullet with style: 'List Paragraph'
2025-12-03 16:37:12,635 - INFO - [Styles] Found existing list style: 'List Paragraph'
2025-12-03 16:37:12,635 - INFO - [RichParagraph] Created bullet with style: 'List Paragraph'
2025-12-03 16:37:12,639 - INFO - [Styles] Found existing list style: 'List Paragraph'
2025-12-03 16:37:12,639 - INFO - [RichParagraph] Created bullet with style: 'List Paragraph'
2025-12-03 16:37:12,640 - INFO - [Styles] Found existing list style: 'List Paragraph'
2025-12-03 16:37:12,641 - INFO - [RichParagraph] Created bullet with style: 'List Paragraph'
2025-12-03 16:37:12,645 - INFO - [Styles] Found existing list style: 'List Paragraph'
2025-12-03 16:37:12,646 - INFO - [RichParagraph] Created bullet with style: 'List Paragraph'
2025-12-03 16:37:12,646 - INFO - [Styles] Found existing list style: 'List Paragraph'
2025-12-03 16:37:12,647 - INFO - [RichParagraph] Created bullet with style: 'List Paragraph'
2025-12-03 16:37:12,648 - INFO - [Styles] Found existing list style: 'List Paragraph'
2025-12-03 16:37:12,649 - INFO - [RichParagraph] Created bullet with style: 'List Paragraph'
2025-12-03 16:37:12,667 - INFO - [Styles] Found existing list style: 'List Paragraph'
2025-12-03 16:37:12,668 - INFO - [RichParagraph] Created bullet with style: 'List Paragraph'
2025-12-03 16:37:12,671 - INFO - [Styles] Found existing list style: 'List Paragraph'
2025-12-03 16:37:12,672 - INFO - [RichParagraph] Created bullet with style: 'List Paragraph'
2025-12-03 16:37:12,678 - INFO - [Styles] Found existing list style: 'List Paragraph'
2025-12-03 16:37:12,679 - INFO - [RichParagraph] Created bullet with style: 'List Paragraph'
2025-12-03 16:37:12,680 - INFO - [Styles] Found existing list style: 'List Paragraph'
2025-12-03 16:37:12,681 - INFO - [RichParagraph] Created bullet with style: 'List Paragraph'
2025-12-03 16:37:12,684 - INFO - [Styles] Found existing list style: 'List Paragraph'
2025-12-03 16:37:12,685 - INFO - [RichParagraph] Created bullet with style: 'List Paragraph'
2025-12-03 16:37:12,686 - INFO - [Styles] Found existing list style: 'List Paragraph'
2025-12-03 16:37:12,687 - INFO - [RichParagraph] Created bullet with style: 'List Paragraph'
2025-12-03 16:37:12,768 - INFO - Chamando _process_dynamic_table_placeholder agora...
2025-12-03 16:37:55,760 - INFO - Processing request of type ListToolsRequest
2025-12-03 16:38:12,296 - INFO - Processing request of type CallToolRequest
2025-12-03 16:38:12,342 - INFO - Chamando _process_dynamic_table_placeholder agora...
2025-12-03 16:41:09,840 - INFO - Processing request of type ListToolsRequest
2025-12-03 16:42:03,297 - INFO - Processing request of type CallToolRequest
2025-12-03 16:42:03,340 - INFO - Chamando _process_dynamic_table_placeholder agora...
2025-12-03 16:42:33,124 - INFO - Processing request of type ListToolsRequest
2025-12-03 16:42:47,201 - INFO - Processing request of type CallToolRequest
2025-12-03 16:42:47,240 - INFO - Chamando _process_dynamic_table_placeholder agora...
2025-12-03 16:48:11,863 - INFO - Processing request of type CallToolRequest
2025-12-03 16:48:11,906 - INFO - Chamando _process_dynamic_table_placeholder agora...
2025-12-03 16:49:55,789 - INFO - Processing request of type ListToolsRequest
2025-12-03 16:52:37,331 - INFO - Processing request of type ListToolsRequest
2025-12-03 16:52:49,254 - INFO - Processing request of type CallToolRequest
2025-12-03 16:52:49,301 - INFO - Chamando _process_dynamic_table_placeholder agora...
2025-12-03 16:55:42,453 - INFO - Processing request of type ListToolsRequest
2025-12-03 16:55:55,341 - INFO - Processing request of type CallToolRequest
2025-12-03 16:55:55,379 - INFO - Chamando _process_dynamic_table_placeholder agora...
2025-12-03 16:58:02,644 - INFO - Processing request of type ListToolsRequest
2025-12-03 17:01:00,320 - INFO - Processing request of type ListToolsRequest
2025-12-03 17:01:15,716 - INFO - Processing request of type CallToolRequest
2025-12-03 17:01:15,774 - INFO - Chamando _process_dynamic_table_placeholder agora...
2025-12-03 17:01:30,579 - INFO - Processing request of type ListToolsRequest
2025-12-03 17:03:39,963 - INFO - Processing request of type ListToolsRequest
2025-12-03 17:03:51,379 - INFO - Processing request of type CallToolRequest
2025-12-03 17:03:51,426 - INFO - Chamando _process_dynamic_table_placeholder agora...
2025-12-03 17:04:03,448 - INFO - Processing request of type ListToolsRequest
2025-12-03 17:04:15,679 - INFO - Processing request of type CallToolRequest
2025-12-03 17:04:15,687 - INFO - Chamando _process_dynamic_table_placeholder agora...
2025-12-03 17:07:21,097 - INFO - Processing request of type ListToolsRequest
2025-12-03 17:07:35,007 - INFO - Processing request of type CallToolRequest
2025-12-03 17:07:35,048 - INFO - Chamando _process_dynamic_table_placeholder agora...
2025-12-03 17:07:48,012 - INFO - Processing request of type ListToolsRequest
2025-12-03 17:08:03,854 - INFO - Processing request of type CallToolRequest
2025-12-03 17:08:03,866 - INFO - [Styles] Found existing list style: 'List Paragraph'
2025-12-03 17:08:03,866 - INFO - [RichParagraph] Created bullet with style: 'List Paragraph'
2025-12-03 17:08:03,867 - INFO - [Styles] Found existing list style: 'List Paragraph'
2025-12-03 17:08:03,868 - INFO - [RichParagraph] Created bullet with style: 'List Paragraph'
2025-12-03 17:08:03,868 - INFO - [Styles] Found existing list style: 'List Paragraph'
2025-12-03 17:08:03,869 - INFO - [RichParagraph] Created bullet with style: 'List Paragraph'
2025-12-03 17:08:03,897 - INFO - Chamando _process_dynamic_table_placeholder agora...
2025-12-03 17:08:26,609 - INFO - Processing request of type ListToolsRequest
2025-12-03 17:08:41,076 - INFO - Processing request of type ListToolsRequest
2025-12-03 17:15:53,911 - INFO - Processing request of type ListToolsRequest
2025-12-03 17:16:21,567 - INFO - Processing request of type ListToolsRequest
2025-12-03 17:19:11,945 - INFO - Processing request of type ListToolsRequest
2025-12-03 17:22:21,047 - INFO - Processing request of type ListToolsRequest
2025-12-04 14:36:11,706 - INFO - Processing request of type ListToolsRequest
2025-12-04 14:37:05,301 - INFO - Processing request of type ListToolsRequest
2025-12-04 14:37:33,506 - INFO - Processing request of type CallToolRequest
2025-12-04 14:37:33,648 - INFO - Chamando _process_dynamic_table_placeholder agora...
2025-12-04 14:39:17,079 - INFO - Processing request of type ListToolsRequest
2025-12-04 14:39:59,449 - INFO - Processing request of type CallToolRequest
2025-12-04 14:39:59,501 - INFO - Chamando _process_dynamic_table_placeholder agora...
2025-12-04 14:43:32,156 - INFO - Processing request of type CallToolRequest
2025-12-04 14:43:32,235 - INFO - Chamando _process_dynamic_table_placeholder agora...
2025-12-04 14:43:33,293 - INFO - Processing request of type CallToolRequest
2025-12-04 14:43:33,334 - INFO - Chamando _process_dynamic_table_placeholder agora...
2025-12-04 14:43:42,902 - INFO - Processing request of type CallToolRequest
2025-12-04 14:43:42,944 - INFO - Chamando _process_dynamic_table_placeholder agora...
